<?xml version="1.0" encoding="UTF-8"?>
<!-- Generated by org.testng.reporters.JUnitReportReporter -->
<testsuite hostname="NEPL-01-002-PC" name="Loginpage" tests="1" failures="0" timestamp="3 Feb 2017 12:31:11 GMT" time="11.930" errors="0">
  <testcase name="login" time="11.930" classname="Loginpage"/>
</testsuite> <!-- Loginpage -->
