<?xml version="1.0" encoding="UTF-8"?>
<!-- Generated by org.testng.reporters.JUnitReportReporter -->
<testsuite hostname="NEPL-01-002-PC" name="browserLogin" tests="2" failures="0" timestamp="1 Feb 2017 06:10:14 GMT" time="47.607" errors="2">
  <testcase name="chrome" time="0.047" classname="browserLogin">
    <error type="java.lang.IllegalStateException" message="The driver executable does not exist: E:\Users\admin\Downloads\chromedriver.exe">
      <![CDATA[java.lang.IllegalStateException: The driver executable does not exist: E:\Users\admin\Downloads\chromedriver.exe
	at com.google.common.base.Preconditions.checkState(Preconditions.java:199)
	at org.openqa.selenium.remote.service.DriverService.checkExecutable(DriverService.java:121)
	at org.openqa.selenium.remote.service.DriverService.findExecutable(DriverService.java:116)
	at org.openqa.selenium.chrome.ChromeDriverService.access$0(ChromeDriverService.java:1)
	at org.openqa.selenium.chrome.ChromeDriverService$Builder.findDefaultExecutable(ChromeDriverService.java:137)
	at org.openqa.selenium.remote.service.DriverService$Builder.build(DriverService.java:296)
	at org.openqa.selenium.chrome.ChromeDriverService.createDefaultService(ChromeDriverService.java:88)
	at org.openqa.selenium.chrome.ChromeDriver.<init>(ChromeDriver.java:116)
	at browserLogin.chrome(browserLogin.java:45)
	at sun.reflect.NativeMethodAccessorImpl.invoke0(Native Method)
	at sun.reflect.NativeMethodAccessorImpl.invoke(Unknown Source)
	at sun.reflect.DelegatingMethodAccessorImpl.invoke(Unknown Source)
	at java.lang.reflect.Method.invoke(Unknown Source)
	at org.testng.internal.MethodInvocationHelper.invokeMethod(MethodInvocationHelper.java:85)
	at org.testng.internal.Invoker.invokeMethod(Invoker.java:639)
	at org.testng.internal.Invoker.invokeTestMethod(Invoker.java:816)
	at org.testng.internal.Invoker.invokeTestMethods(Invoker.java:1124)
	at org.testng.internal.TestMethodWorker.invokeTestMethods(TestMethodWorker.java:125)
	at org.testng.internal.TestMethodWorker.run(TestMethodWorker.java:108)
	at org.testng.TestRunner.privateRun(TestRunner.java:774)
	at org.testng.TestRunner.run(TestRunner.java:624)
	at org.testng.SuiteRunner.runTest(SuiteRunner.java:359)
	at org.testng.SuiteRunner.runSequentially(SuiteRunner.java:354)
	at org.testng.SuiteRunner.privateRun(SuiteRunner.java:312)
	at org.testng.SuiteRunner.run(SuiteRunner.java:261)
	at org.testng.SuiteRunnerWorker.runSuite(SuiteRunnerWorker.java:52)
	at org.testng.SuiteRunnerWorker.run(SuiteRunnerWorker.java:86)
	at org.testng.TestNG.runSuitesSequentially(TestNG.java:1215)
	at org.testng.TestNG.runSuitesLocally(TestNG.java:1140)
	at org.testng.TestNG.run(TestNG.java:1048)
	at org.testng.remote.AbstractRemoteTestNG.run(AbstractRemoteTestNG.java:132)
	at org.testng.remote.RemoteTestNG.initAndRun(RemoteTestNG.java:236)
	at org.testng.remote.RemoteTestNG.main(RemoteTestNG.java:81)
]]>
    </error>
  </testcase> <!-- chrome -->
  <testcase name="firefox" time="47.560" classname="browserLogin">
    <error type="org.openqa.selenium.WebDriverException" message="Failed to connect to binary FirefoxBinary(C:\Program Files (x86)\Mozilla Firefox\firefox.exe) on port 7055; process output follows: 
119	addons.xpi	DEBUG	Updating database with changes to installed add-ons
1485929370119	addons.xpi-utils	DEBUG	Updating add-on states
1485929370120	addons.xpi-utils	DEBUG	Writing add-ons list
1485929370122	addons.xpi	DEBUG	Registering manifest for C:\Program Files (x86)\Mozilla Firefox\browser\features\e10srollout@mozilla.org.xpi
1485929370123	addons.xpi	DEBUG	Calling bootstrap method startup on e10srollout@mozilla.org version 1.0
1485929370123	addons.xpi	DEBUG	Registering manifest for C:\Program Files (x86)\Mozilla Firefox\browser\features\firefox@getpocket.com.xpi
1485929370123	addons.xpi	DEBUG	Calling bootstrap method startup on firefox@getpocket.com version 1.0.4
1485929370124	addons.xpi	DEBUG	Registering manifest for C:\Program Files (x86)\Mozilla Firefox\browser\features\loop@mozilla.org.xpi
1485929370124	addons.xpi	DEBUG	Calling bootstrap method startup on loop@mozilla.org version 1.4.3
1485929370141	addons.manager	DEBUG	Registering shutdown blocker for XPIProvider
1485929370141	addons.manager	DEBUG	Provider finished startup: XPIProvider
1485929370141	addons.manager	DEBUG	Starting provider: LightweightThemeManager
1485929370141	addons.manager	DEBUG	Registering shutdown blocker for LightweightThemeManager
1485929370142	addons.manager	DEBUG	Provider finished startup: LightweightThemeManager
1485929370142	addons.manager	DEBUG	Starting provider: GMPProvider
1485929370147	addons.manager	DEBUG	Registering shutdown blocker for GMPProvider
1485929370147	addons.manager	DEBUG	Provider finished startup: GMPProvider
1485929370147	addons.manager	DEBUG	Starting provider: PluginProvider
1485929370147	addons.manager	DEBUG	Registering shutdown blocker for PluginProvider
1485929370147	addons.manager	DEBUG	Provider finished startup: PluginProvider
1485929370148	addons.manager	DEBUG	Completed startup sequence
1485929371407	addons.manager	DEBUG	Starting provider: &lt;unnamed-provider&gt;
1485929371407	addons.manager	DEBUG	Registering shutdown blocker for &lt;unnamed-provider&gt;
1485929371407	addons.manager	DEBUG	Provider finished startup: &lt;unnamed-provider&gt;
1485929371750	DeferredSave.extensions.json	DEBUG	Write succeeded
1485929371750	addons.xpi-utils	DEBUG	XPI Database saved, setting schema version preference to 17
1485929371750	DeferredSave.extensions.json	DEBUG	Starting timer
1485929371799	DeferredSave.extensions.json	DEBUG	Starting write
1485929371806	addons.repository	DEBUG	No addons.json found.
1485929371807	DeferredSave.addons.json	DEBUG	Save changes
1485929371809	DeferredSave.addons.json	DEBUG	Starting timer
1485929371896	addons.manager	DEBUG	Starting provider: PreviousExperimentProvider
1485929371896	addons.manager	DEBUG	Registering shutdown blocker for PreviousExperimentProvider
1485929371896	addons.manager	DEBUG	Provider finished startup: PreviousExperimentProvider
1485929371909	DeferredSave.addons.json	DEBUG	Starting write
1485929371930	DeferredSave.extensions.json	DEBUG	Write succeeded
1485929371939	DeferredSave.addons.json	DEBUG	Write succeeded
1485929379946	addons.xpi	DEBUG	Calling bootstrap method shutdown on e10srollout@mozilla.org version 1.0
1485929379947	addons.xpi	DEBUG	Calling bootstrap method shutdown on firefox@getpocket.com version 1.0.4
1485929379947	addons.xpi	DEBUG	Calling bootstrap method shutdown on loop@mozilla.org version 1.4.3
1485929380291	addons.manager	DEBUG	shutdown
1485929380292	addons.manager	DEBUG	Calling shutdown blocker for XPIProvider
1485929380292	addons.xpi	DEBUG	shutdown
1485929380292	addons.xpi-utils	DEBUG	shutdown
1485929380293	addons.manager	DEBUG	Calling shutdown blocker for LightweightThemeManager
1485929380294	addons.manager	DEBUG	Calling shutdown blocker for GMPProvider
1485929380298	addons.manager	DEBUG	Calling shutdown blocker for PluginProvider
1485929380298	addons.manager	DEBUG	Calling shutdown blocker for &lt;unnamed-provider&gt;
1485929380301	addons.manager	DEBUG	Calling shutdown blocker for PreviousExperimentProvider
1485929380306	addons.xpi	DEBUG	Notifying XPI shutdown observers
1485929380312	addons.manager	DEBUG	Async provider shutdown done

Build info: version: &#039;2.53.0&#039;, revision: &#039;35ae25b&#039;, time: &#039;2016-03-15 16:57:40&#039;
System info: host: &#039;NEPL-01-002-PC&#039;, ip: &#039;192.168.1.121&#039;, os.name: &#039;Windows 10&#039;, os.arch: &#039;amd64&#039;, os.version: &#039;10.0&#039;, java.version: &#039;1.8.0_111&#039;
Driver info: driver.version: FirefoxDriver">
      <![CDATA[org.openqa.selenium.WebDriverException: Failed to connect to binary FirefoxBinary(C:\Program Files (x86)\Mozilla Firefox\firefox.exe) on port 7055; process output follows: 
119	addons.xpi	DEBUG	Updating database with changes to installed add-ons
1485929370119	addons.xpi-utils	DEBUG	Updating add-on states
1485929370120	addons.xpi-utils	DEBUG	Writing add-ons list
1485929370122	addons.xpi	DEBUG	Registering manifest for C:\Program Files (x86)\Mozilla Firefox\browser\features\e10srollout@mozilla.org.xpi
1485929370123	addons.xpi	DEBUG	Calling bootstrap method startup on e10srollout@mozilla.org version 1.0
1485929370123	addons.xpi	DEBUG	Registering manifest for C:\Program Files (x86)\Mozilla Firefox\browser\features\firefox@getpocket.com.xpi
1485929370123	addons.xpi	DEBUG	Calling bootstrap method startup on firefox@getpocket.com version 1.0.4
1485929370124	addons.xpi	DEBUG	Registering manifest for C:\Program Files (x86)\Mozilla Firefox\browser\features\loop@mozilla.org.xpi
1485929370124	addons.xpi	DEBUG	Calling bootstrap method startup on loop@mozilla.org version 1.4.3
1485929370141	addons.manager	DEBUG	Registering shutdown blocker for XPIProvider
1485929370141	addons.manager	DEBUG	Provider finished startup: XPIProvider
1485929370141	addons.manager	DEBUG	Starting provider: LightweightThemeManager
1485929370141	addons.manager	DEBUG	Registering shutdown blocker for LightweightThemeManager
1485929370142	addons.manager	DEBUG	Provider finished startup: LightweightThemeManager
1485929370142	addons.manager	DEBUG	Starting provider: GMPProvider
1485929370147	addons.manager	DEBUG	Registering shutdown blocker for GMPProvider
1485929370147	addons.manager	DEBUG	Provider finished startup: GMPProvider
1485929370147	addons.manager	DEBUG	Starting provider: PluginProvider
1485929370147	addons.manager	DEBUG	Registering shutdown blocker for PluginProvider
1485929370147	addons.manager	DEBUG	Provider finished startup: PluginProvider
1485929370148	addons.manager	DEBUG	Completed startup sequence
1485929371407	addons.manager	DEBUG	Starting provider: <unnamed-provider>
1485929371407	addons.manager	DEBUG	Registering shutdown blocker for <unnamed-provider>
1485929371407	addons.manager	DEBUG	Provider finished startup: <unnamed-provider>
1485929371750	DeferredSave.extensions.json	DEBUG	Write succeeded
1485929371750	addons.xpi-utils	DEBUG	XPI Database saved, setting schema version preference to 17
1485929371750	DeferredSave.extensions.json	DEBUG	Starting timer
1485929371799	DeferredSave.extensions.json	DEBUG	Starting write
1485929371806	addons.repository	DEBUG	No addons.json found.
1485929371807	DeferredSave.addons.json	DEBUG	Save changes
1485929371809	DeferredSave.addons.json	DEBUG	Starting timer
1485929371896	addons.manager	DEBUG	Starting provider: PreviousExperimentProvider
1485929371896	addons.manager	DEBUG	Registering shutdown blocker for PreviousExperimentProvider
1485929371896	addons.manager	DEBUG	Provider finished startup: PreviousExperimentProvider
1485929371909	DeferredSave.addons.json	DEBUG	Starting write
1485929371930	DeferredSave.extensions.json	DEBUG	Write succeeded
1485929371939	DeferredSave.addons.json	DEBUG	Write succeeded
1485929379946	addons.xpi	DEBUG	Calling bootstrap method shutdown on e10srollout@mozilla.org version 1.0
1485929379947	addons.xpi	DEBUG	Calling bootstrap method shutdown on firefox@getpocket.com version 1.0.4
1485929379947	addons.xpi	DEBUG	Calling bootstrap method shutdown on loop@mozilla.org version 1.4.3
1485929380291	addons.manager	DEBUG	shutdown
1485929380292	addons.manager	DEBUG	Calling shutdown blocker for XPIProvider
1485929380292	addons.xpi	DEBUG	shutdown
1485929380292	addons.xpi-utils	DEBUG	shutdown
1485929380293	addons.manager	DEBUG	Calling shutdown blocker for LightweightThemeManager
1485929380294	addons.manager	DEBUG	Calling shutdown blocker for GMPProvider
1485929380298	addons.manager	DEBUG	Calling shutdown blocker for PluginProvider
1485929380298	addons.manager	DEBUG	Calling shutdown blocker for <unnamed-provider>
1485929380301	addons.manager	DEBUG	Calling shutdown blocker for PreviousExperimentProvider
1485929380306	addons.xpi	DEBUG	Notifying XPI shutdown observers
1485929380312	addons.manager	DEBUG	Async provider shutdown done

Build info: version: '2.53.0', revision: '35ae25b', time: '2016-03-15 16:57:40'
System info: host: 'NEPL-01-002-PC', ip: '192.168.1.121', os.name: 'Windows 10', os.arch: 'amd64', os.version: '10.0', java.version: '1.8.0_111'
Driver info: driver.version: FirefoxDriver
	at org.openqa.selenium.firefox.internal.NewProfileExtensionConnection.start(NewProfileExtensionConnection.java:124)
	at org.openqa.selenium.firefox.FirefoxDriver.startClient(FirefoxDriver.java:271)
	at org.openqa.selenium.remote.RemoteWebDriver.<init>(RemoteWebDriver.java:119)
	at org.openqa.selenium.firefox.FirefoxDriver.<init>(FirefoxDriver.java:218)
	at org.openqa.selenium.firefox.FirefoxDriver.<init>(FirefoxDriver.java:211)
	at org.openqa.selenium.firefox.FirefoxDriver.<init>(FirefoxDriver.java:207)
	at org.openqa.selenium.firefox.FirefoxDriver.<init>(FirefoxDriver.java:120)
	at browserLogin.firefox(browserLogin.java:32)
	at sun.reflect.NativeMethodAccessorImpl.invoke0(Native Method)
	at sun.reflect.NativeMethodAccessorImpl.invoke(Unknown Source)
	at sun.reflect.DelegatingMethodAccessorImpl.invoke(Unknown Source)
	at java.lang.reflect.Method.invoke(Unknown Source)
	at org.testng.internal.MethodInvocationHelper.invokeMethod(MethodInvocationHelper.java:85)
	at org.testng.internal.Invoker.invokeMethod(Invoker.java:639)
	at org.testng.internal.Invoker.invokeTestMethod(Invoker.java:816)
	at org.testng.internal.Invoker.invokeTestMethods(Invoker.java:1124)
	at org.testng.internal.TestMethodWorker.invokeTestMethods(TestMethodWorker.java:125)
	at org.testng.internal.TestMethodWorker.run(TestMethodWorker.java:108)
	at org.testng.TestRunner.privateRun(TestRunner.java:774)
	at org.testng.TestRunner.run(TestRunner.java:624)
	at org.testng.SuiteRunner.runTest(SuiteRunner.java:359)
	at org.testng.SuiteRunner.runSequentially(SuiteRunner.java:354)
	at org.testng.SuiteRunner.privateRun(SuiteRunner.java:312)
	at org.testng.SuiteRunner.run(SuiteRunner.java:261)
	at org.testng.SuiteRunnerWorker.runSuite(SuiteRunnerWorker.java:52)
	at org.testng.SuiteRunnerWorker.run(SuiteRunnerWorker.java:86)
	at org.testng.TestNG.runSuitesSequentially(TestNG.java:1215)
	at org.testng.TestNG.runSuitesLocally(TestNG.java:1140)
	at org.testng.TestNG.run(TestNG.java:1048)
	at org.testng.remote.AbstractRemoteTestNG.run(AbstractRemoteTestNG.java:132)
	at org.testng.remote.RemoteTestNG.initAndRun(RemoteTestNG.java:236)
	at org.testng.remote.RemoteTestNG.main(RemoteTestNG.java:81)
Caused by: org.openqa.selenium.firefox.NotConnectedException: Unable to connect to host 127.0.0.1 on port 7055 after 45000 ms. Firefox console output:
119	addons.xpi	DEBUG	Updating database with changes to installed add-ons
1485929370119	addons.xpi-utils	DEBUG	Updating add-on states
1485929370120	addons.xpi-utils	DEBUG	Writing add-ons list
1485929370122	addons.xpi	DEBUG	Registering manifest for C:\Program Files (x86)\Mozilla Firefox\browser\features\e10srollout@mozilla.org.xpi
1485929370123	addons.xpi	DEBUG	Calling bootstrap method startup on e10srollout@mozilla.org version 1.0
1485929370123	addons.xpi	DEBUG	Registering manifest for C:\Program Files (x86)\Mozilla Firefox\browser\features\firefox@getpocket.com.xpi
1485929370123	addons.xpi	DEBUG	Calling bootstrap method startup on firefox@getpocket.com version 1.0.4
1485929370124	addons.xpi	DEBUG	Registering manifest for C:\Program Files (x86)\Mozilla Firefox\browser\features\loop@mozilla.org.xpi
1485929370124	addons.xpi	DEBUG	Calling bootstrap method startup on loop@mozilla.org version 1.4.3
1485929370141	addons.manager	DEBUG	Registering shutdown blocker for XPIProvider
1485929370141	addons.manager	DEBUG	Provider finished startup: XPIProvider
1485929370141	addons.manager	DEBUG	Starting provider: LightweightThemeManager
1485929370141	addons.manager	DEBUG	Registering shutdown blocker for LightweightThemeManager
1485929370142	addons.manager	DEBUG	Provider finished startup: LightweightThemeManager
1485929370142	addons.manager	DEBUG	Starting provider: GMPProvider
1485929370147	addons.manager	DEBUG	Registering shutdown blocker for GMPProvider
1485929370147	addons.manager	DEBUG	Provider finished startup: GMPProvider
1485929370147	addons.manager	DEBUG	Starting provider: PluginProvider
1485929370147	addons.manager	DEBUG	Registering shutdown blocker for PluginProvider
1485929370147	addons.manager	DEBUG	Provider finished startup: PluginProvider
1485929370148	addons.manager	DEBUG	Completed startup sequence
1485929371407	addons.manager	DEBUG	Starting provider: <unnamed-provider>
1485929371407	addons.manager	DEBUG	Registering shutdown blocker for <unnamed-provider>
1485929371407	addons.manager	DEBUG	Provider finished startup: <unnamed-provider>
1485929371750	DeferredSave.extensions.json	DEBUG	Write succeeded
1485929371750	addons.xpi-utils	DEBUG	XPI Database saved, setting schema version preference to 17
1485929371750	DeferredSave.extensions.json	DEBUG	Starting timer
1485929371799	DeferredSave.extensions.json	DEBUG	Starting write
1485929371806	addons.repository	DEBUG	No addons.json found.
1485929371807	DeferredSave.addons.json	DEBUG	Save changes
1485929371809	DeferredSave.addons.json	DEBUG	Starting timer
1485929371896	addons.manager	DEBUG	Starting provider: PreviousExperimentProvider
1485929371896	addons.manager	DEBUG	Registering shutdown blocker for PreviousExperimentProvider
1485929371896	addons.manager	DEBUG	Provider finished startup: PreviousExperimentProvider
1485929371909	DeferredSave.addons.json	DEBUG	Starting write
1485929371930	DeferredSave.extensions.json	DEBUG	Write succeeded
1485929371939	DeferredSave.addons.json	DEBUG	Write succeeded
1485929379946	addons.xpi	DEBUG	Calling bootstrap method shutdown on e10srollout@mozilla.org version 1.0
1485929379947	addons.xpi	DEBUG	Calling bootstrap method shutdown on firefox@getpocket.com version 1.0.4
1485929379947	addons.xpi	DEBUG	Calling bootstrap method shutdown on loop@mozilla.org version 1.4.3
1485929380291	addons.manager	DEBUG	shutdown
1485929380292	addons.manager	DEBUG	Calling shutdown blocker for XPIProvider
1485929380292	addons.xpi	DEBUG	shutdown
1485929380292	addons.xpi-utils	DEBUG	shutdown
1485929380293	addons.manager	DEBUG	Calling shutdown blocker for LightweightThemeManager
1485929380294	addons.manager	DEBUG	Calling shutdown blocker for GMPProvider
1485929380298	addons.manager	DEBUG	Calling shutdown blocker for PluginProvider
1485929380298	addons.manager	DEBUG	Calling shutdown blocker for <unnamed-provider>
1485929380301	addons.manager	DEBUG	Calling shutdown blocker for PreviousExperimentProvider
1485929380306	addons.xpi	DEBUG	Notifying XPI shutdown observers
1485929380312	addons.manager	DEBUG	Async provider shutdown done

	at org.openqa.selenium.firefox.internal.NewProfileExtensionConnection.start(NewProfileExtensionConnection.java:112)
	... 31 more
]]>
    </error>
  </testcase> <!-- firefox -->
</testsuite> <!-- browserLogin -->
