<?xml version="1.0" encoding="UTF-8"?>
<!-- Generated by org.testng.reporters.JUnitReportReporter -->
<testsuite hostname="NEPL-01-002-PC" name="NewTest" tests="1" failures="0" timestamp="1 Feb 2017 06:42:14 GMT" time="8.817" errors="0">
  <testcase name="f" time="8.817" classname="NewTest"/>
</testsuite> <!-- NewTest -->
